<?xml version="1.0" encoding="UTF-8"?>
<!-- Generated by org.testng.reporters.JUnitReportReporter -->
<testsuite hostname="DESKTOP-4NN05EM" failures="0" tests="1" name="selenium_project.april15th" time="2.237" errors="0" timestamp="2023-04-25T16:45:50 IST" skipped="0">
  <testcase classname="selenium_project.april15th" name="verifylogin" time="2.237"/>
  <system-out>
    <![CDATA[Login sucess:: Dashboard « Stock Accounting  Dashboard « Stock Accounting]]>
  </system-out>
</testsuite> <!-- selenium_project.april15th -->
