<?xml version="1.0" encoding="UTF-8"?>
<!-- Generated by org.testng.reporters.JUnitReportReporter -->
<testsuite hostname="DESKTOP-4NN05EM" failures="0" tests="1" name="selenium_project.primusbank" time="1.503" errors="0" timestamp="2023-04-25T16:43:53 IST" skipped="0">
  <testcase classname="selenium_project.primusbank" name="verifylogin" time="1.503"/>
  <system-out>
    <![CDATA[login succesful:::Primus BANK  Primus BANK]]>
  </system-out>
</testsuite> <!-- selenium_project.primusbank -->
