<?xml version="1.0" encoding="UTF-8"?>
<!-- Generated by org.testng.reporters.JUnitReportReporter -->
<testsuite hostname="DESKTOP-4NN05EM" failures="0" tests="1" name="selenium_project.flightverify" time="15.329" errors="0" timestamp="2023-04-25T17:13:14 IST" skipped="0">
  <testcase classname="selenium_project.flightverify" name="verifylogin" time="15.329"/>
  <system-out>
    <![CDATA[login sucessful:::Flight Reservation | Dashboard  Flight Reservation | Dashboard]]>
  </system-out>
</testsuite> <!-- selenium_project.flightverify -->
