<?xml version="1.0" encoding="UTF-8"?>
<!-- Generated by org.testng.reporters.JUnitReportReporter -->
<testsuite hostname="DESKTOP-4NN05EM" failures="0" tests="2" name="selenium_project.Advancedreports" time="7.524" errors="0" timestamp="2023-04-25T17:55:09 IST" skipped="0">
  <testcase classname="selenium_project.Advancedreports" name="testcase1" time="2.279"/>
  <system-out/>
  <testcase classname="selenium_project.Advancedreports" name="testcase2" time="5.245"/>
  <system-out/>
</testsuite> <!-- selenium_project.Advancedreports -->
